Using pre-set license
Built from '2021.3/staging' branch; Version is '2021.3.20f1 (577897200b8b) revision 5732503'; Using compiler version '192829333'; Build Type 'Release'
OS: 'Windows 10  (10.0.19045) 64bit Education' Language: 'en' Physical Memory: 32665 MB
BatchMode: 1, IsHumanControllingUs: 0, StartBugReporterOnCrash: 0, Is64bit: 1, IsPro: 1

COMMAND LINE ARGUMENTS:
D:\Program Files\unity\2021.3.20f1\Editor\Unity.exe
-adb2
-batchMode
-noUpm
-name
AssetImportWorker9
-projectPath
C:/Users/Sampo Pelto/My project/soutaa/New Unity Project
-logFile
Logs/AssetImportWorker9.log
-srvPort
54134
Successfully changed project path to: C:/Users/Sampo Pelto/My project/soutaa/New Unity Project
C:/Users/Sampo Pelto/My project/soutaa/New Unity Project
[UnityMemory] Configuration Parameters - Can be set up in boot.config
    "memorysetup-bucket-allocator-granularity=16"
    "memorysetup-bucket-allocator-bucket-count=8"
    "memorysetup-bucket-allocator-block-size=33554432"
    "memorysetup-bucket-allocator-block-count=8"
    "memorysetup-main-allocator-block-size=16777216"
    "memorysetup-thread-allocator-block-size=16777216"
    "memorysetup-gfx-main-allocator-block-size=16777216"
    "memorysetup-gfx-thread-allocator-block-size=16777216"
    "memorysetup-cache-allocator-block-size=4194304"
    "memorysetup-typetree-allocator-block-size=2097152"
    "memorysetup-profiler-bucket-allocator-granularity=16"
    "memorysetup-profiler-bucket-allocator-bucket-count=8"
    "memorysetup-profiler-bucket-allocator-block-size=33554432"
    "memorysetup-profiler-bucket-allocator-block-count=8"
    "memorysetup-profiler-allocator-block-size=16777216"
    "memorysetup-profiler-editor-allocator-block-size=1048576"
    "memorysetup-temp-allocator-size-main=16777216"
    "memorysetup-job-temp-allocator-block-size=2097152"
    "memorysetup-job-temp-allocator-block-size-background=1048576"
    "memorysetup-job-temp-allocator-reduction-small-platforms=262144"
    "memorysetup-temp-allocator-size-background-worker=32768"
    "memorysetup-temp-allocator-size-job-worker=262144"
    "memorysetup-temp-allocator-size-preload-manager=33554432"
    "memorysetup-temp-allocator-size-nav-mesh-worker=65536"
    "memorysetup-temp-allocator-size-audio-worker=65536"
    "memorysetup-temp-allocator-size-cloud-worker=32768"
    "memorysetup-temp-allocator-size-gi-baking-worker=262144"
    "memorysetup-temp-allocator-size-gfx=262144"
Player connection [11500] Host "[IP] 10.8.8.2 [Port] 0 [Flags] 2 [Guid] 3122036166 [EditorId] 3122036166 [Version] 1048832 [Id] WindowsEditor(7,kurpitsa) [Debug] 1 [PackageName] WindowsEditor [ProjectName] Editor" joined multi-casting on [225.0.0.222:54997]...

Player connection [11500] Host "[IP] 10.8.8.2 [Port] 0 [Flags] 2 [Guid] 3122036166 [EditorId] 3122036166 [Version] 1048832 [Id] WindowsEditor(7,kurpitsa) [Debug] 1 [PackageName] WindowsEditor [ProjectName] Editor" joined alternative multi-casting on [225.0.0.222:34997]...

Refreshing native plugins compatible for Editor in 106.18 ms, found 3 plugins.
Preloading 0 native plugins for Editor in 0.00 ms.
Initialize engine version: 2021.3.20f1 (577897200b8b)
[Subsystems] Discovering subsystems at path D:/Program Files/unity/2021.3.20f1/Editor/Data/Resources/UnitySubsystems
[Subsystems] Discovering subsystems at path C:/Users/Sampo Pelto/My project/soutaa/New Unity Project/Assets
GfxDevice: creating device client; threaded=0; jobified=0
Direct3D:
    Version:  Direct3D 11.0 [level 11.1]
    Renderer: NVIDIA GeForce GTX 1070 (ID=0x1b81)
    Vendor:   NVIDIA
    VRAM:     8081 MB
    Driver:   31.0.15.3179
Initialize mono
Mono path[0] = 'D:/Program Files/unity/2021.3.20f1/Editor/Data/Managed'
Mono path[1] = 'D:/Program Files/unity/2021.3.20f1/Editor/Data/MonoBleedingEdge/lib/mono/unityjit-win32'
Mono config path = 'D:/Program Files/unity/2021.3.20f1/Editor/Data/MonoBleedingEdge/etc'
Using monoOptions --debugger-agent=transport=dt_socket,embedding=1,server=y,suspend=n,address=127.0.0.1:56500
Begin MonoManager ReloadAssembly
Registering precompiled unity dll's ...
Register platform support module: D:/Program Files/unity/2021.3.20f1/Editor/Data/PlaybackEngines/WebGLSupport/UnityEditor.WebGL.Extensions.dll
Register platform support module: D:/Program Files/unity/2021.3.20f1/Editor/Data/PlaybackEngines/WindowsStandaloneSupport/UnityEditor.WindowsStandalone.Extensions.dll
Registered in 0.002689 seconds.
Native extension for WindowsStandalone target not found
Native extension for WebGL target not found
Refreshing native plugins compatible for Editor in 109.17 ms, found 3 plugins.
Preloading 0 native plugins for Editor in 0.00 ms.
Mono: successfully reloaded assembly
- Completed reload, in  0.946 seconds
Domain Reload Profiling:
	ReloadAssembly (946ms)
		BeginReloadAssembly (88ms)
			ExecutionOrderSort (0ms)
			DisableScriptedObjects (0ms)
			BackupInstance (0ms)
			ReleaseScriptingObjects (0ms)
			CreateAndSetChildDomain (1ms)
		EndReloadAssembly (626ms)
			LoadAssemblies (88ms)
			RebuildTransferFunctionScriptingTraits (0ms)
			SetupTypeCache (254ms)
			ReleaseScriptCaches (0ms)
			RebuildScriptCaches (29ms)
			SetupLoadedEditorAssemblies (296ms)
				LogAssemblyErrors (0ms)
				InitializePlatformSupportModulesInManaged (7ms)
				SetLoadedEditorAssemblies (0ms)
				RefreshPlugins (109ms)
				BeforeProcessingInitializeOnLoad (1ms)
				ProcessInitializeOnLoadAttributes (133ms)
				ProcessInitializeOnLoadMethodAttributes (45ms)
				AfterProcessingInitializeOnLoad (0ms)
				EditorAssembliesLoaded (0ms)
			ExecutionOrderSort2 (0ms)
			AwakeInstancesAfterBackupRestoration (0ms)
Platform modules already initialized, skipping
Registering precompiled user dll's ...
Registered in 0.007429 seconds.
Begin MonoManager ReloadAssembly
Symbol file LoadedFromMemory doesn't match image C:\Users\Sampo Pelto\My project\soutaa\New Unity Project\Library\PackageCache\com.unity.visualscripting@1.8.0\Editor\VisualScripting.Core\Dependencies\YamlDotNet\Unity.VisualScripting.YamlDotNet.dll
Symbol file LoadedFromMemory doesn't match image C:\Users\Sampo Pelto\My project\soutaa\New Unity Project\Library\PackageCache\com.unity.visualscripting@1.8.0\Editor\VisualScripting.Core\Dependencies\DotNetZip\Unity.VisualScripting.IonicZip.dll
Native extension for WindowsStandalone target not found
Native extension for WebGL target not found
Refreshing native plugins compatible for Editor in 141.95 ms, found 3 plugins.
Preloading 0 native plugins for Editor in 0.00 ms.
Mono: successfully reloaded assembly
- Completed reload, in  2.630 seconds
Domain Reload Profiling:
	ReloadAssembly (2631ms)
		BeginReloadAssembly (137ms)
			ExecutionOrderSort (0ms)
			DisableScriptedObjects (6ms)
			BackupInstance (0ms)
			ReleaseScriptingObjects (0ms)
			CreateAndSetChildDomain (26ms)
		EndReloadAssembly (2393ms)
			LoadAssemblies (125ms)
			RebuildTransferFunctionScriptingTraits (0ms)
			SetupTypeCache (337ms)
			ReleaseScriptCaches (2ms)
			RebuildScriptCaches (106ms)
			SetupLoadedEditorAssemblies (1794ms)
				LogAssemblyErrors (0ms)
				InitializePlatformSupportModulesInManaged (5ms)
				SetLoadedEditorAssemblies (0ms)
				RefreshPlugins (142ms)
				BeforeProcessingInitializeOnLoad (124ms)
				ProcessInitializeOnLoadAttributes (384ms)
				ProcessInitializeOnLoadMethodAttributes (1135ms)
				AfterProcessingInitializeOnLoad (4ms)
				EditorAssembliesLoaded (0ms)
			ExecutionOrderSort2 (0ms)
			AwakeInstancesAfterBackupRestoration (7ms)
Platform modules already initialized, skipping
========================================================================
Worker process is ready to serve import requests
Launched and connected shader compiler UnityShaderCompiler.exe after 0.15 seconds
Refreshing native plugins compatible for Editor in 0.86 ms, found 3 plugins.
Preloading 0 native plugins for Editor in 0.00 ms.
Unloading 5807 Unused Serialized files (Serialized files now loaded: 0)
Unloading 49 unused Assets / (3.8 MB). Loaded Objects now: 6266.
Memory consumption went from 269.6 MB to 265.7 MB.
Total: 5.006700 ms (FindLiveObjects: 0.479500 ms CreateObjectMapping: 0.516500 ms MarkObjects: 3.008900 ms  DeleteObjects: 1.000600 ms)

AssetImportParameters requested are different than current active one (requested -> active):
  custom:video-decoder-ogg-theora: a1e56fd34408186e4bbccfd4996cb3dc -> 
  custom:container-muxer-webm: aa71ff27fc2769a1b78a27578f13a17b -> 
  custom:container-demuxer-webm: 4f35f7cbe854078d1ac9338744f61a02 -> 
  custom:video-encoder-webm-vp8: eb34c28f22e8b96e1ab97ce403110664 -> 
  custom:audio-encoder-webm-vorbis: bf7c407c2cedff20999df2af8eb42d56 -> 
  custom:framework-win-MediaFoundation: 216162199b28c13a410421893ffa2e32 -> 
  custom:container-demuxer-ogg: 62fdf1f143b41e24485cea50d1cbac27 -> 
  custom:video-decoder-webm-vp8: 9c59270c3fd7afecdb556c50c9e8de78 -> 
  custom:audio-decoder-ogg-vorbis: bf7c407c2cedff20999df2af8eb42d56 -> 
========================================================================
Received Import Request.
  Time since last request: 2430736.238609 seconds.
  path: Packages/com.unity.timeline/Editor/StyleSheets/Images/LightSkin/TimelineAutokey.png
  artifactKey: Guid(af3aec622aef40c45813b39e405966a3) Importer(815301076,1909f56bfc062723c751e8b465ee728b)
Start importing Packages/com.unity.timeline/Editor/StyleSheets/Images/LightSkin/TimelineAutokey.png using Guid(af3aec622aef40c45813b39e405966a3) Importer(815301076,1909f56bfc062723c751e8b465ee728b)  -> (artifact id: '51d62f2d292b3dda6f76c4b2427dc9fd') in 0.063529 seconds 
========================================================================
Received Import Request.
  Time since last request: 0.462623 seconds.
  path: Packages/com.unity.timeline/Editor/StyleSheets/Images/Shared/Timeline-Marker-Multi-Overlay.png
  artifactKey: Guid(75f26f1c549568c4e9950a368bd08cb8) Importer(815301076,1909f56bfc062723c751e8b465ee728b)
Start importing Packages/com.unity.timeline/Editor/StyleSheets/Images/Shared/Timeline-Marker-Multi-Overlay.png using Guid(75f26f1c549568c4e9950a368bd08cb8) Importer(815301076,1909f56bfc062723c751e8b465ee728b)  -> (artifact id: '3709040fb5180a89414a9d8b93dcf4f0') in 0.020069 seconds 
========================================================================
Received Import Request.
  Time since last request: 0.032049 seconds.
  path: Packages/com.unity.collab-proxy/Editor/PlasticSCM/Assets/Images/step2@2x.png
  artifactKey: Guid(0029170d14ce6c04c9f45c22cdae5559) Importer(815301076,1909f56bfc062723c751e8b465ee728b)
Start importing Packages/com.unity.collab-proxy/Editor/PlasticSCM/Assets/Images/step2@2x.png using Guid(0029170d14ce6c04c9f45c22cdae5559) Importer(815301076,1909f56bfc062723c751e8b465ee728b)  -> (artifact id: '188601b8d46c145dcaaf255f354c33ee') in 0.055887 seconds 
========================================================================
Received Import Request.
  Time since last request: 2.711107 seconds.
  path: Assets/kenney/PNG/Retina/pattern_77.png
  artifactKey: Guid(ead994cab66a8be43b837f15d3e443d0) Importer(815301076,1909f56bfc062723c751e8b465ee728b)
Start importing Assets/kenney/PNG/Retina/pattern_77.png using Guid(ead994cab66a8be43b837f15d3e443d0) Importer(815301076,1909f56bfc062723c751e8b465ee728b)  -> (artifact id: '4b27be1122e7257b9528611a132273ab') in 0.021004 seconds 
========================================================================
Received Import Request.
  Time since last request: 0.159214 seconds.
  path: Assets/kenney/PNG/Default size/pattern_73.png
  artifactKey: Guid(00550cf93e88eb142a31e5a94e67a0d7) Importer(815301076,1909f56bfc062723c751e8b465ee728b)
Start importing Assets/kenney/PNG/Default size/pattern_73.png using Guid(00550cf93e88eb142a31e5a94e67a0d7) Importer(815301076,1909f56bfc062723c751e8b465ee728b)  -> (artifact id: 'c076c57dced0adbfae62aadaedeaba60') in 0.021295 seconds 
========================================================================
Received Import Request.
  Time since last request: 0.119053 seconds.
  path: Assets/kenney/PNG/Default size/pattern_70.png
  artifactKey: Guid(93a5bc0922d107841a2a3e6f53dc6c5b) Importer(815301076,1909f56bfc062723c751e8b465ee728b)
Start importing Assets/kenney/PNG/Default size/pattern_70.png using Guid(93a5bc0922d107841a2a3e6f53dc6c5b) Importer(815301076,1909f56bfc062723c751e8b465ee728b)  -> (artifact id: '27a3b6dde43653bb40f2b4cca4c9be55') in 0.019941 seconds 
========================================================================
Received Import Request.
  Time since last request: 0.216422 seconds.
  path: Assets/kenney/PNG/Default size/pattern_65.png
  artifactKey: Guid(85fede53285e6b84090770e1c33e064c) Importer(815301076,1909f56bfc062723c751e8b465ee728b)
Start importing Assets/kenney/PNG/Default size/pattern_65.png using Guid(85fede53285e6b84090770e1c33e064c) Importer(815301076,1909f56bfc062723c751e8b465ee728b)  -> (artifact id: 'f3bd9ffdb5170afadbe4605f22d889e2') in 0.018977 seconds 
========================================================================
Received Import Request.
  Time since last request: 0.059362 seconds.
  path: Assets/kenney/PNG/Default size/pattern_63.png
  artifactKey: Guid(2c54ca18ec6abdc49adbb5d010a0df45) Importer(815301076,1909f56bfc062723c751e8b465ee728b)
Start importing Assets/kenney/PNG/Default size/pattern_63.png using Guid(2c54ca18ec6abdc49adbb5d010a0df45) Importer(815301076,1909f56bfc062723c751e8b465ee728b)  -> (artifact id: 'ff8353a8418857a1ce29e5400a6c0663') in 0.019416 seconds 
========================================================================
Received Import Request.
  Time since last request: 0.626979 seconds.
  path: Assets/kenney/PNG/Default size/pattern_49.png
  artifactKey: Guid(5b5cc3622d150424890892d4db060978) Importer(815301076,1909f56bfc062723c751e8b465ee728b)
Start importing Assets/kenney/PNG/Default size/pattern_49.png using Guid(5b5cc3622d150424890892d4db060978) Importer(815301076,1909f56bfc062723c751e8b465ee728b)  -> (artifact id: '204444a480de9e0173fcded034a2395b') in 0.018991 seconds 
========================================================================
Received Import Request.
  Time since last request: 0.038966 seconds.
  path: Assets/kenney/PNG/Default size/pattern_47.png
  artifactKey: Guid(eca4b3d352b52e74ba10455decd46f10) Importer(815301076,1909f56bfc062723c751e8b465ee728b)
Start importing Assets/kenney/PNG/Default size/pattern_47.png using Guid(eca4b3d352b52e74ba10455decd46f10) Importer(815301076,1909f56bfc062723c751e8b465ee728b)  -> (artifact id: 'd3a01e214e36cfd93be5bd203da69a35') in 0.019509 seconds 
========================================================================
Received Import Request.
  Time since last request: 0.117089 seconds.
  path: Assets/kenney/PNG/Retina/pattern_44.png
  artifactKey: Guid(85e8d9343ff57a34ebfbaebc702796f9) Importer(815301076,1909f56bfc062723c751e8b465ee728b)
Start importing Assets/kenney/PNG/Retina/pattern_44.png using Guid(85e8d9343ff57a34ebfbaebc702796f9) Importer(815301076,1909f56bfc062723c751e8b465ee728b)  -> (artifact id: '749aa2d87b3a70ca4bc558bf6648a28f') in 0.020879 seconds 
========================================================================
Received Import Request.
  Time since last request: 0.043313 seconds.
  path: Assets/kenney/PNG/Default size/pattern_41.png
  artifactKey: Guid(a0047daefaa44cc41a5df3f0108ef239) Importer(815301076,1909f56bfc062723c751e8b465ee728b)
Start importing Assets/kenney/PNG/Default size/pattern_41.png using Guid(a0047daefaa44cc41a5df3f0108ef239) Importer(815301076,1909f56bfc062723c751e8b465ee728b)  -> (artifact id: '8f77f14fb1423ace36621c13b95095ed') in 0.020800 seconds 
========================================================================
Received Import Request.
  Time since last request: 0.074646 seconds.
  path: Assets/kenney/PNG/Retina/pattern_38.png
  artifactKey: Guid(1e10c8e493bbf00468c7d2f4ce6fc108) Importer(815301076,1909f56bfc062723c751e8b465ee728b)
Start importing Assets/kenney/PNG/Retina/pattern_38.png using Guid(1e10c8e493bbf00468c7d2f4ce6fc108) Importer(815301076,1909f56bfc062723c751e8b465ee728b)  -> (artifact id: '43d5f27651d9df88db67cdaa349dd162') in 0.015790 seconds 
========================================================================
Received Import Request.
  Time since last request: 0.022334 seconds.
  path: Assets/kenney/PNG/Default size/pattern_36.png
  artifactKey: Guid(d0f4a42dac4b84c4dabb642749690b5a) Importer(815301076,1909f56bfc062723c751e8b465ee728b)
Start importing Assets/kenney/PNG/Default size/pattern_36.png using Guid(d0f4a42dac4b84c4dabb642749690b5a) Importer(815301076,1909f56bfc062723c751e8b465ee728b)  -> (artifact id: '153c03444b6be6b66ad46b6fb73a13a5') in 0.019732 seconds 
========================================================================
Received Import Request.
  Time since last request: 0.610170 seconds.
  path: Assets/kenney/PNG/Default size/pattern_33.png
  artifactKey: Guid(858477055c5c9814980e96203748b893) Importer(815301076,1909f56bfc062723c751e8b465ee728b)
Start importing Assets/kenney/PNG/Default size/pattern_33.png using Guid(858477055c5c9814980e96203748b893) Importer(815301076,1909f56bfc062723c751e8b465ee728b)  -> (artifact id: '0f70cc2591d1486db0e006ea9311d8c0') in 0.020201 seconds 
========================================================================
Received Import Request.
  Time since last request: 0.091020 seconds.
  path: Assets/kenney/PNG/Default size/pattern_30.png
  artifactKey: Guid(9447b00795abaf64ca4f89a404a7d030) Importer(815301076,1909f56bfc062723c751e8b465ee728b)
Start importing Assets/kenney/PNG/Default size/pattern_30.png using Guid(9447b00795abaf64ca4f89a404a7d030) Importer(815301076,1909f56bfc062723c751e8b465ee728b)  -> (artifact id: 'b0a10faf9ce67d7c3c7b7516e4de7128') in 0.018030 seconds 
========================================================================
Received Import Request.
  Time since last request: 1.331921 seconds.
  path: Assets/kenney/PNG/Retina/pattern_04.png
  artifactKey: Guid(84bf67eea5f2bf84a9fc0a2e15b1ebed) Importer(815301076,1909f56bfc062723c751e8b465ee728b)
Start importing Assets/kenney/PNG/Retina/pattern_04.png using Guid(84bf67eea5f2bf84a9fc0a2e15b1ebed) Importer(815301076,1909f56bfc062723c751e8b465ee728b)  -> (artifact id: '648559765c7a3f2a8f6f7388522b58a8') in 0.020387 seconds 
========================================================================
Received Import Request.
  Time since last request: 0.033511 seconds.
  path: Assets/kenney/PNG/Retina/pattern_02.png
  artifactKey: Guid(bbd7de1b83f4b0f4bbf155ad2c90f7fc) Importer(815301076,1909f56bfc062723c751e8b465ee728b)
Start importing Assets/kenney/PNG/Retina/pattern_02.png using Guid(bbd7de1b83f4b0f4bbf155ad2c90f7fc) Importer(815301076,1909f56bfc062723c751e8b465ee728b)  -> (artifact id: '31a67300426c46968cf8e46a4785ce06') in 0.022796 seconds 
========================================================================
Received Import Request.
  Time since last request: 26.234402 seconds.
  path: Packages/com.unity.collab-proxy/Editor/PlasticSCM/Assets/Images/d_icondeletedremote@2x.png
  artifactKey: Guid(626b9cddb29049e4cac50cd87b419945) Importer(815301076,1909f56bfc062723c751e8b465ee728b)
Start importing Packages/com.unity.collab-proxy/Editor/PlasticSCM/Assets/Images/d_icondeletedremote@2x.png using Guid(626b9cddb29049e4cac50cd87b419945) Importer(815301076,1909f56bfc062723c751e8b465ee728b)  -> (artifact id: '09be44871c91e15e877358162824a1e7') in 0.025125 seconds 
========================================================================
Received Import Request.
  Time since last request: 0.822156 seconds.
  path: Packages/com.unity.collab-proxy/Editor/PlasticSCM/Assets/Images/d_iconundo@2x.png
  artifactKey: Guid(6d6088174bb906b49ad8428526ee337b) Importer(815301076,1909f56bfc062723c751e8b465ee728b)
Start importing Packages/com.unity.collab-proxy/Editor/PlasticSCM/Assets/Images/d_iconundo@2x.png using Guid(6d6088174bb906b49ad8428526ee337b) Importer(815301076,1909f56bfc062723c751e8b465ee728b)  -> (artifact id: '98513a5ebff9a9181687611ccf470bf4') in 0.020185 seconds 
========================================================================
Received Import Request.
  Time since last request: 0.246275 seconds.
  path: Packages/com.unity.collab-proxy/Editor/PlasticSCM/Assets/Images/d_refresh@2x.png
  artifactKey: Guid(602b72d4617c3694aa94419fc1b68e04) Importer(815301076,1909f56bfc062723c751e8b465ee728b)
Start importing Packages/com.unity.collab-proxy/Editor/PlasticSCM/Assets/Images/d_refresh@2x.png using Guid(602b72d4617c3694aa94419fc1b68e04) Importer(815301076,1909f56bfc062723c751e8b465ee728b)  -> (artifact id: '07f1533b8c977bde9c0f93259ba8e341') in 0.024390 seconds 
========================================================================
Received Import Request.
  Time since last request: 0.222176 seconds.
  path: Packages/com.unity.collab-proxy/Editor/PlasticSCM/Assets/Images/d_step3.png
  artifactKey: Guid(46930b20180b59e46b73494adf53abbb) Importer(815301076,1909f56bfc062723c751e8b465ee728b)
Start importing Packages/com.unity.collab-proxy/Editor/PlasticSCM/Assets/Images/d_step3.png using Guid(46930b20180b59e46b73494adf53abbb) Importer(815301076,1909f56bfc062723c751e8b465ee728b)  -> (artifact id: '88c7b760ab54ae91438d600dd1d33548') in 0.021384 seconds 
========================================================================
Received Import Request.
  Time since last request: 0.024549 seconds.
  path: Packages/com.unity.timeline/Editor/StyleSheets/Images/Icons/d_TimelineCollapseMarkerButtonDisabled.png
  artifactKey: Guid(40947ddc2dd4f0d499a92d0f3675c4e8) Importer(815301076,1909f56bfc062723c751e8b465ee728b)
Start importing Packages/com.unity.timeline/Editor/StyleSheets/Images/Icons/d_TimelineCollapseMarkerButtonDisabled.png using Guid(40947ddc2dd4f0d499a92d0f3675c4e8) Importer(815301076,1909f56bfc062723c751e8b465ee728b)  -> (artifact id: '78c7cc35384fa18a14c179bf1bca488a') in 0.023924 seconds 
========================================================================
Received Import Request.
  Time since last request: 0.000038 seconds.
  path: Packages/com.unity.timeline/Editor/StyleSheets/Images/Icons/d_TimelineDigIn.png
  artifactKey: Guid(22c3c381bd3cd4a40a8541103023e1ef) Importer(815301076,1909f56bfc062723c751e8b465ee728b)
Start importing Packages/com.unity.timeline/Editor/StyleSheets/Images/Icons/d_TimelineDigIn.png using Guid(22c3c381bd3cd4a40a8541103023e1ef) Importer(815301076,1909f56bfc062723c751e8b465ee728b)  -> (artifact id: '90482f04eb5fe3d105bd1e954cb3cd15') in 0.017054 seconds 
========================================================================
Received Import Request.
  Time since last request: 0.177353 seconds.
  path: Packages/com.unity.timeline/Editor/StyleSheets/Images/Icons/d_TimelineEditModeReplaceON.png
  artifactKey: Guid(7b4b3cedf598c954cb2f38d6e2e34c0d) Importer(815301076,1909f56bfc062723c751e8b465ee728b)
Start importing Packages/com.unity.timeline/Editor/StyleSheets/Images/Icons/d_TimelineEditModeReplaceON.png using Guid(7b4b3cedf598c954cb2f38d6e2e34c0d) Importer(815301076,1909f56bfc062723c751e8b465ee728b)  -> (artifact id: '91cb994e06b95467bd9a62e290b5a1a7') in 0.017712 seconds 
========================================================================
Received Import Request.
  Time since last request: 0.029067 seconds.
  path: Packages/com.unity.timeline/Editor/StyleSheets/Images/Icons/d_TimelineSelector.png
  artifactKey: Guid(06bf6150656339941aa98e175a995445) Importer(815301076,1909f56bfc062723c751e8b465ee728b)
Start importing Packages/com.unity.timeline/Editor/StyleSheets/Images/Icons/d_TimelineSelector.png using Guid(06bf6150656339941aa98e175a995445) Importer(815301076,1909f56bfc062723c751e8b465ee728b)  -> (artifact id: '13c663eee733f64ad3432c1b3cc67abb') in 0.023669 seconds 
========================================================================
Received Import Request.
  Time since last request: 0.534876 seconds.
  path: Packages/com.unity.timeline/Editor/StyleSheets/Images/Icons/d_TrackMuteButtonDisabled.png
  artifactKey: Guid(6ab002208ec290544b44bc263dc58a95) Importer(815301076,1909f56bfc062723c751e8b465ee728b)
Start importing Packages/com.unity.timeline/Editor/StyleSheets/Images/Icons/d_TrackMuteButtonDisabled.png using Guid(6ab002208ec290544b44bc263dc58a95) Importer(815301076,1909f56bfc062723c751e8b465ee728b)  -> (artifact id: '5321b50e68a78ed876002a993fa376fa') in 0.017204 seconds 
========================================================================
Received Import Request.
  Time since last request: 0.222718 seconds.
  path: Packages/com.unity.timeline/Editor/StyleSheets/Images/Icons/d_TrackRecordButtonDisabled.png
  artifactKey: Guid(9c6daec86666cbb4b9e558b839a103db) Importer(815301076,1909f56bfc062723c751e8b465ee728b)
Start importing Packages/com.unity.timeline/Editor/StyleSheets/Images/Icons/d_TrackRecordButtonDisabled.png using Guid(9c6daec86666cbb4b9e558b839a103db) Importer(815301076,1909f56bfc062723c751e8b465ee728b)  -> (artifact id: '49569c9aac1d6c9a791935dd2794ddc7') in 0.018801 seconds 
========================================================================
Received Prepare
Registering precompiled user dll's ...
Registered in 0.006532 seconds.
Begin MonoManager ReloadAssembly
Symbol file LoadedFromMemory doesn't match image C:\Users\Sampo Pelto\My project\soutaa\New Unity Project\Library\PackageCache\com.unity.visualscripting@1.8.0\Editor\VisualScripting.Core\Dependencies\YamlDotNet\Unity.VisualScripting.YamlDotNet.dll
Symbol file LoadedFromMemory doesn't match image C:\Users\Sampo Pelto\My project\soutaa\New Unity Project\Library\PackageCache\com.unity.visualscripting@1.8.0\Editor\VisualScripting.Core\Dependencies\DotNetZip\Unity.VisualScripting.IonicZip.dll
Native extension for WindowsStandalone target not found
Native extension for WebGL target not found
Refreshing native plugins compatible for Editor in 1.16 ms, found 3 plugins.
Preloading 0 native plugins for Editor in 0.00 ms.
Mono: successfully reloaded assembly
- Completed reload, in  1.181 seconds
Domain Reload Profiling:
	ReloadAssembly (1182ms)
		BeginReloadAssembly (156ms)
			ExecutionOrderSort (0ms)
			DisableScriptedObjects (6ms)
			BackupInstance (0ms)
			ReleaseScriptingObjects (0ms)
			CreateAndSetChildDomain (40ms)
		EndReloadAssembly (933ms)
			LoadAssemblies (101ms)
			RebuildTransferFunctionScriptingTraits (0ms)
			SetupTypeCache (271ms)
			ReleaseScriptCaches (2ms)
			RebuildScriptCaches (66ms)
			SetupLoadedEditorAssemblies (391ms)
				LogAssemblyErrors (0ms)
				InitializePlatformSupportModulesInManaged (5ms)
				SetLoadedEditorAssemblies (1ms)
				RefreshPlugins (1ms)
				BeforeProcessingInitializeOnLoad (78ms)
				ProcessInitializeOnLoadAttributes (273ms)
				ProcessInitializeOnLoadMethodAttributes (29ms)
				AfterProcessingInitializeOnLoad (3ms)
				EditorAssembliesLoaded (0ms)
			ExecutionOrderSort2 (0ms)
			AwakeInstancesAfterBackupRestoration (44ms)
Platform modules already initialized, skipping
Refreshing native plugins compatible for Editor in 3.15 ms, found 3 plugins.
Preloading 0 native plugins for Editor in 0.00 ms.
Unloading 5496 Unused Serialized files (Serialized files now loaded: 0)
Unloading 43 unused Assets / (3.8 MB). Loaded Objects now: 6285.
Memory consumption went from 256.9 MB to 253.1 MB.
Total: 6.824500 ms (FindLiveObjects: 0.509700 ms CreateObjectMapping: 0.695200 ms MarkObjects: 4.462000 ms  DeleteObjects: 1.156100 ms)

AssetImportParameters requested are different than current active one (requested -> active):
  custom:video-decoder-ogg-theora: a1e56fd34408186e4bbccfd4996cb3dc -> 
  custom:container-muxer-webm: aa71ff27fc2769a1b78a27578f13a17b -> 
  custom:container-demuxer-webm: 4f35f7cbe854078d1ac9338744f61a02 -> 
  custom:video-encoder-webm-vp8: eb34c28f22e8b96e1ab97ce403110664 -> 
  custom:audio-encoder-webm-vorbis: bf7c407c2cedff20999df2af8eb42d56 -> 
  custom:framework-win-MediaFoundation: 216162199b28c13a410421893ffa2e32 -> 
  custom:container-demuxer-ogg: 62fdf1f143b41e24485cea50d1cbac27 -> 
  custom:video-decoder-webm-vp8: 9c59270c3fd7afecdb556c50c9e8de78 -> 
  custom:audio-decoder-ogg-vorbis: bf7c407c2cedff20999df2af8eb42d56 -> 
Editor requested this worker to shutdown with reason: Scaling down because of idle timeout
AssetImportWorker is now disconnected from the server
Process exiting
Exiting without the bug reporter. Application will terminate with return code 0